{"level":"info","message":"⌛ Building environment","timeElapsed":104,"timestamp":"2025-10-12T16:56:30.826Z"}
{"level":"info","message":"⌛ Validating game.wpgm","timeElapsed":173,"timestamp":"2025-10-12T16:56:31.000Z"}
{"level":"info","message":"⌛ Building environment","timeElapsed":133,"timestamp":"2025-10-12T16:56:31.772Z"}
{"level":"info","message":"⌛ Validating game.wpgm","timeElapsed":142,"timestamp":"2025-10-12T16:56:31.923Z"}
{"level":"info","message":"🚀 Program executed \u001b[3m\u001b[34mgame.farmville\u001b[39m\u001b[23m on \u001b[3m\u001b[34mc:\\Users\\matyf\\Desktop\\2025c2s2-granja-villa-FloresReaFrankMatias\u001b[39m\u001b[23m","ok":true,"timeElapsed":639,"timestamp":"2025-10-12T16:56:40.322Z"}
{"level":"info","message":"⌛ Building environment","timeElapsed":153,"timestamp":"2025-10-12T16:58:21.810Z"}
{"level":"info","message":"⌛ Building environment","timeElapsed":207,"timestamp":"2025-10-12T16:58:22.018Z"}
{"level":"info","message":"⌛ Validating aspersor.wlk","timeElapsed":176,"timestamp":"2025-10-12T16:58:22.195Z"}
{"level":"info","message":"⌛ Building environment","timeElapsed":151,"timestamp":"2025-10-12T16:58:22.353Z"}
{"level":"info","message":"⌛ Validating aspersor.wlk","timeElapsed":189,"timestamp":"2025-10-12T16:58:22.542Z"}
{"level":"info","message":"⌛ Building environment","timeElapsed":137,"timestamp":"2025-10-12T16:58:22.712Z"}
{"level":"info","message":"⌛ Building environment","timeElapsed":123,"timestamp":"2025-10-12T16:58:22.836Z"}
{"level":"info","message":"⌛ Validating aspersor.wlk","timeElapsed":139,"timestamp":"2025-10-12T16:58:22.975Z"}
{"level":"info","message":"⌛ Validating aspersor.wlk","timeElapsed":146,"timestamp":"2025-10-12T16:58:23.174Z"}
{"level":"info","message":"⌛ Validating aspersor.wlk","timeElapsed":196,"timestamp":"2025-10-12T16:58:23.376Z"}
{"level":"info","message":"⌛ Building environment","timeElapsed":152,"timestamp":"2025-10-12T16:58:23.530Z"}
{"level":"info","message":"⌛ Validating aspersor.wlk","timeElapsed":139,"timestamp":"2025-10-12T16:58:23.678Z"}
{"level":"info","message":"⌛ Building environment","timeElapsed":129,"timestamp":"2025-10-12T16:58:24.987Z"}
{"level":"info","message":"⌛ Validating aspersor.wlk","timeElapsed":166,"timestamp":"2025-10-12T16:58:25.153Z"}
{"level":"info","message":"⌛ Building environment","timeElapsed":119,"timestamp":"2025-10-12T16:58:25.272Z"}
{"level":"info","message":"⌛ Validating aspersor.wlk","timeElapsed":167,"timestamp":"2025-10-12T16:58:25.440Z"}
{"level":"info","message":"⌛ Building environment","timeElapsed":161,"timestamp":"2025-10-12T16:58:25.666Z"}
{"level":"info","message":"⌛ Building environment","timeElapsed":135,"timestamp":"2025-10-12T16:58:25.808Z"}
{"level":"info","message":"⌛ Validating aspersor.wlk","timeElapsed":142,"timestamp":"2025-10-12T16:58:25.952Z"}
{"level":"info","message":"⌛ Validating aspersor.wlk","timeElapsed":170,"timestamp":"2025-10-12T16:58:26.126Z"}
{"level":"info","message":"⌛ Building environment","timeElapsed":132,"timestamp":"2025-10-12T16:58:26.638Z"}
{"level":"info","message":"⌛ Validating aspersor.wlk","timeElapsed":137,"timestamp":"2025-10-12T16:58:26.776Z"}
{"level":"info","message":"⌛ Building environment","timeElapsed":114,"timestamp":"2025-10-12T16:58:28.779Z"}
{"level":"info","message":"⌛ Building environment","timeElapsed":172,"timestamp":"2025-10-12T16:58:28.961Z"}
{"level":"info","message":"⌛ Validating aspersor.wlk","timeElapsed":197,"timestamp":"2025-10-12T16:58:29.158Z"}
{"level":"info","message":"⌛ Building environment","timeElapsed":103,"timestamp":"2025-10-12T16:58:29.261Z"}
{"level":"info","message":"⌛ Validating aspersor.wlk","timeElapsed":184,"timestamp":"2025-10-12T16:58:29.445Z"}
{"level":"info","message":"⌛ Building environment","timeElapsed":156,"timestamp":"2025-10-12T16:58:29.613Z"}
{"level":"info","message":"⌛ Validating aspersor.wlk","timeElapsed":130,"timestamp":"2025-10-12T16:58:29.769Z"}
{"level":"info","message":"⌛ Validating aspersor.wlk","timeElapsed":146,"timestamp":"2025-10-12T16:58:30.019Z"}
{"level":"info","message":"⌛ Validating aspersor.wlk","timeElapsed":176,"timestamp":"2025-10-12T16:58:30.207Z"}
{"level":"info","message":"🚀 Program executed \u001b[3m\u001b[34mgame.farmville\u001b[39m\u001b[23m on \u001b[3m\u001b[34mc:\\Users\\matyf\\Desktop\\2025c2s2-granja-villa-FloresReaFrankMatias\u001b[39m\u001b[23m","ok":true,"timeElapsed":681,"timestamp":"2025-10-12T16:59:12.406Z"}
{"exitCode":"SIGHUP","level":"info","message":"👾 Game executed game.farmville on c:\\Users\\matyf\\Desktop\\2025c2s2-granja-villa-FloresReaFrankMatias","timeElapsed":129019,"timestamp":"2025-10-12T17:01:20.743Z"}
{"level":"info","message":"🚀 Program executed \u001b[3m\u001b[34mgame.farmville\u001b[39m\u001b[23m on \u001b[3m\u001b[34mc:\\Users\\matyf\\Desktop\\2025c2s2-granja-villa-FloresReaFrankMatias\u001b[39m\u001b[23m","ok":true,"timeElapsed":691,"timestamp":"2025-10-12T17:01:24.489Z"}
{"level":"info","message":"⌛ Building environment","timeElapsed":138,"timestamp":"2025-10-12T17:03:49.482Z"}
{"level":"info","message":"⌛ Validating game.wpgm","timeElapsed":182,"timestamp":"2025-10-12T17:03:49.664Z"}
{"level":"info","message":"⌛ Building environment","timeElapsed":174,"timestamp":"2025-10-12T17:03:50.019Z"}
{"level":"info","message":"⌛ Building environment","timeElapsed":159,"timestamp":"2025-10-12T17:03:50.219Z"}
{"level":"info","message":"⌛ Building environment","timeElapsed":142,"timestamp":"2025-10-12T17:03:50.362Z"}
{"level":"info","message":"⌛ Building environment","timeElapsed":158,"timestamp":"2025-10-12T17:03:50.525Z"}
{"level":"info","message":"⌛ Building environment","timeElapsed":139,"timestamp":"2025-10-12T17:03:50.666Z"}
{"level":"info","message":"⌛ Building environment","timeElapsed":110,"timestamp":"2025-10-12T17:03:50.793Z"}
{"level":"info","message":"⌛ Validating game.wpgm","timeElapsed":149,"timestamp":"2025-10-12T17:03:50.943Z"}
{"level":"info","message":"⌛ Building environment","timeElapsed":192,"timestamp":"2025-10-12T17:03:51.136Z"}
{"level":"info","message":"⌛ Building environment","timeElapsed":117,"timestamp":"2025-10-12T17:03:51.254Z"}
{"level":"info","message":"⌛ Validating game.wpgm","timeElapsed":166,"timestamp":"2025-10-12T17:03:51.436Z"}
{"level":"info","message":"⌛ Building environment","timeElapsed":101,"timestamp":"2025-10-12T17:03:51.538Z"}
{"level":"info","message":"⌛ Validating game.wpgm","timeElapsed":146,"timestamp":"2025-10-12T17:03:51.687Z"}
{"level":"info","message":"⌛ Validating game.wpgm","timeElapsed":206,"timestamp":"2025-10-12T17:03:51.894Z"}
{"level":"info","message":"⌛ Validating game.wpgm","timeElapsed":134,"timestamp":"2025-10-12T17:03:52.045Z"}
{"level":"info","message":"⌛ Validating game.wpgm","timeElapsed":132,"timestamp":"2025-10-12T17:03:52.178Z"}
{"level":"info","message":"⌛ Validating game.wpgm","timeElapsed":117,"timestamp":"2025-10-12T17:03:52.298Z"}
{"level":"info","message":"⌛ Validating game.wpgm","timeElapsed":129,"timestamp":"2025-10-12T17:03:52.433Z"}
{"level":"info","message":"⌛ Building environment","timeElapsed":158,"timestamp":"2025-10-12T17:03:52.595Z"}
{"level":"error","message":"✘ Completions for node Send ([14:2, 15:28] - game.wpgm) failed: Error: [Send]{93c5e2} at game.wpgm:14 exhausted all cases without a match [Send]{93c5e2} at game.wpgm:14 exhausted all cases without a match","stack":"Error: [Send]{93c5e2} at game.wpgm:14 exhausted all cases without a match\n    at c:\\Users\\matyf\\.vscode\\extensions\\uqbar.wollok-lsp-ide-0.5.3\\out\\server\\src\\server.js:38:6142\n    at D2 (c:\\Users\\matyf\\.vscode\\extensions\\uqbar.wollok-lsp-ide-0.5.3\\out\\server\\src\\server.js:2384:42)\n    at c:\\Users\\matyf\\.vscode\\extensions\\uqbar.wollok-lsp-ide-0.5.3\\out\\server\\src\\server.js:2384:2988\n    at c:\\Users\\matyf\\.vscode\\extensions\\uqbar.wollok-lsp-ide-0.5.3\\out\\server\\src\\server.js:2393:8440\n    at c:\\Users\\matyf\\.vscode\\extensions\\uqbar.wollok-lsp-ide-0.5.3\\out\\server\\src\\server.js:37:74872\n    at Ye (c:\\Users\\matyf\\.vscode\\extensions\\uqbar.wollok-lsp-ide-0.5.3\\out\\server\\src\\server.js:7:8527)\n    at qt (c:\\Users\\matyf\\.vscode\\extensions\\uqbar.wollok-lsp-ide-0.5.3\\out\\server\\src\\server.js:7:6189)\n    at ot (c:\\Users\\matyf\\.vscode\\extensions\\uqbar.wollok-lsp-ide-0.5.3\\out\\server\\src\\server.js:7:6378)\n    at Immediate._onImmediate (c:\\Users\\matyf\\.vscode\\extensions\\uqbar.wollok-lsp-ide-0.5.3\\out\\server\\src\\server.js:7:6142)\n    at process.processImmediate (node:internal/timers:485:21)","timestamp":"2025-10-12T17:03:52.627Z"}
{"level":"info","message":"⌛ Validating game.wpgm","timeElapsed":130,"timestamp":"2025-10-12T17:03:52.758Z"}
{"level":"info","message":"⌛ Validating game.wpgm","timeElapsed":142,"timestamp":"2025-10-12T17:03:52.901Z"}
{"exitCode":"SIGHUP","level":"info","message":"👾 Game executed game.farmville on c:\\Users\\matyf\\Desktop\\2025c2s2-granja-villa-FloresReaFrankMatias","timeElapsed":154031,"timestamp":"2025-10-12T17:03:57.833Z"}
{"level":"info","message":"🚀 Program executed \u001b[3m\u001b[34mgame.farmville\u001b[39m\u001b[23m on \u001b[3m\u001b[34mc:\\Users\\matyf\\Desktop\\2025c2s2-granja-villa-FloresReaFrankMatias\u001b[39m\u001b[23m","ok":true,"timeElapsed":768,"timestamp":"2025-10-12T17:04:04.993Z"}
{"level":"info","message":"⌛ Building environment","timeElapsed":170,"timestamp":"2025-10-12T17:06:10.142Z"}
{"level":"info","message":"⌛ Validating cultivos.wlk","timeElapsed":208,"timestamp":"2025-10-12T17:06:10.352Z"}
{"level":"info","message":"⌛ Building environment","timeElapsed":168,"timestamp":"2025-10-12T17:06:10.566Z"}
{"level":"info","message":"⌛ Validating cultivos.wlk","timeElapsed":189,"timestamp":"2025-10-12T17:06:10.756Z"}
{"level":"info","message":"⌛ Building environment","timeElapsed":138,"timestamp":"2025-10-12T17:06:28.581Z"}
{"level":"info","message":"⌛ Validating cultivos.wlk","timeElapsed":192,"timestamp":"2025-10-12T17:06:28.774Z"}
{"level":"info","message":"⌛ Building environment","timeElapsed":149,"timestamp":"2025-10-12T17:06:30.273Z"}
{"level":"info","message":"⌛ Validating cultivos.wlk","timeElapsed":151,"timestamp":"2025-10-12T17:06:30.425Z"}
{"level":"info","message":"⌛ Building environment","timeElapsed":112,"timestamp":"2025-10-12T17:06:30.809Z"}
{"level":"info","message":"⌛ Validating cultivos.wlk","timeElapsed":169,"timestamp":"2025-10-12T17:06:30.979Z"}
{"level":"info","message":"⌛ Building environment","timeElapsed":134,"timestamp":"2025-10-12T17:06:31.121Z"}
{"level":"info","message":"⌛ Validating cultivos.wlk","timeElapsed":146,"timestamp":"2025-10-12T17:06:31.272Z"}
{"level":"info","message":"⌛ Building environment","timeElapsed":129,"timestamp":"2025-10-12T17:06:31.438Z"}
{"level":"info","message":"⌛ Validating cultivos.wlk","timeElapsed":146,"timestamp":"2025-10-12T17:06:31.594Z"}
{"level":"info","message":"⌛ Building environment","timeElapsed":115,"timestamp":"2025-10-12T17:06:33.212Z"}
{"level":"error","message":"✘ Completions for node Send ([126:7, 126:49] - cultivos.wlk) failed: Error: [Send]{c07c9b} at cultivos.wlk:126 exhausted all cases without a match [Send]{c07c9b} at cultivos.wlk:126 exhausted all cases without a match","stack":"Error: [Send]{c07c9b} at cultivos.wlk:126 exhausted all cases without a match\n    at c:\\Users\\matyf\\.vscode\\extensions\\uqbar.wollok-lsp-ide-0.5.3\\out\\server\\src\\server.js:38:6142\n    at D2 (c:\\Users\\matyf\\.vscode\\extensions\\uqbar.wollok-lsp-ide-0.5.3\\out\\server\\src\\server.js:2384:42)\n    at Qh (c:\\Users\\matyf\\.vscode\\extensions\\uqbar.wollok-lsp-ide-0.5.3\\out\\server\\src\\server.js:2384:1092)\n    at k6n (c:\\Users\\matyf\\.vscode\\extensions\\uqbar.wollok-lsp-ide-0.5.3\\out\\server\\src\\server.js:2384:1248)\n    at c:\\Users\\matyf\\.vscode\\extensions\\uqbar.wollok-lsp-ide-0.5.3\\out\\server\\src\\server.js:38:6131\n    at D2 (c:\\Users\\matyf\\.vscode\\extensions\\uqbar.wollok-lsp-ide-0.5.3\\out\\server\\src\\server.js:2384:42)\n    at c:\\Users\\matyf\\.vscode\\extensions\\uqbar.wollok-lsp-ide-0.5.3\\out\\server\\src\\server.js:2384:2988\n    at c:\\Users\\matyf\\.vscode\\extensions\\uqbar.wollok-lsp-ide-0.5.3\\out\\server\\src\\server.js:2393:8440\n    at c:\\Users\\matyf\\.vscode\\extensions\\uqbar.wollok-lsp-ide-0.5.3\\out\\server\\src\\server.js:37:74872\n    at Ye (c:\\Users\\matyf\\.vscode\\extensions\\uqbar.wollok-lsp-ide-0.5.3\\out\\server\\src\\server.js:7:8527)","timestamp":"2025-10-12T17:06:33.271Z"}
{"level":"error","message":"✘ Completions for node If ([126:3, 131:4] - cultivos.wlk) failed: Error: [If]{910193} at cultivos.wlk:126 exhausted all cases without a match [If]{910193} at cultivos.wlk:126 exhausted all cases without a match","stack":"Error: [If]{910193} at cultivos.wlk:126 exhausted all cases without a match\n    at c:\\Users\\matyf\\.vscode\\extensions\\uqbar.wollok-lsp-ide-0.5.3\\out\\server\\src\\server.js:38:6142\n    at D2 (c:\\Users\\matyf\\.vscode\\extensions\\uqbar.wollok-lsp-ide-0.5.3\\out\\server\\src\\server.js:2384:42)\n    at Qh (c:\\Users\\matyf\\.vscode\\extensions\\uqbar.wollok-lsp-ide-0.5.3\\out\\server\\src\\server.js:2384:1092)\n    at D2 (c:\\Users\\matyf\\.vscode\\extensions\\uqbar.wollok-lsp-ide-0.5.3\\out\\server\\src\\server.js:2384:544)\n    at Qh (c:\\Users\\matyf\\.vscode\\extensions\\uqbar.wollok-lsp-ide-0.5.3\\out\\server\\src\\server.js:2384:1092)\n    at k6n (c:\\Users\\matyf\\.vscode\\extensions\\uqbar.wollok-lsp-ide-0.5.3\\out\\server\\src\\server.js:2384:1248)\n    at c:\\Users\\matyf\\.vscode\\extensions\\uqbar.wollok-lsp-ide-0.5.3\\out\\server\\src\\server.js:38:6131\n    at D2 (c:\\Users\\matyf\\.vscode\\extensions\\uqbar.wollok-lsp-ide-0.5.3\\out\\server\\src\\server.js:2384:42)\n    at c:\\Users\\matyf\\.vscode\\extensions\\uqbar.wollok-lsp-ide-0.5.3\\out\\server\\src\\server.js:2384:2988\n    at c:\\Users\\matyf\\.vscode\\extensions\\uqbar.wollok-lsp-ide-0.5.3\\out\\server\\src\\server.js:2393:8440","timestamp":"2025-10-12T17:06:33.271Z"}
{"level":"info","message":"⌛ Validating cultivos.wlk","timeElapsed":206,"timestamp":"2025-10-12T17:06:33.481Z"}
{"level":"info","message":"⌛ Building environment","timeElapsed":115,"timestamp":"2025-10-12T17:06:33.596Z"}
{"level":"info","message":"⌛ Building environment","timeElapsed":138,"timestamp":"2025-10-12T17:06:33.744Z"}
{"level":"info","message":"⌛ Validating cultivos.wlk","timeElapsed":147,"timestamp":"2025-10-12T17:06:33.892Z"}
{"level":"info","message":"⌛ Building environment","timeElapsed":109,"timestamp":"2025-10-12T17:06:34.006Z"}
{"level":"info","message":"⌛ Validating cultivos.wlk","timeElapsed":143,"timestamp":"2025-10-12T17:06:34.158Z"}
{"level":"info","message":"⌛ Validating cultivos.wlk","timeElapsed":301,"timestamp":"2025-10-12T17:06:34.468Z"}
{"level":"info","message":"⌛ Building environment","timeElapsed":160,"timestamp":"2025-10-12T17:06:36.947Z"}
{"level":"info","message":"⌛ Validating cultivos.wlk","timeElapsed":151,"timestamp":"2025-10-12T17:06:37.101Z"}
{"level":"info","message":"⌛ Building environment","timeElapsed":141,"timestamp":"2025-10-12T17:07:30.291Z"}
{"level":"info","message":"⌛ Autocomplete - Method","timeElapsed":102,"timestamp":"2025-10-12T17:07:30.400Z"}
{"level":"info","message":"⌛ Validating cultivos.wlk","timeElapsed":145,"timestamp":"2025-10-12T17:07:30.546Z"}
{"level":"info","message":"⌛ Building environment","timeElapsed":174,"timestamp":"2025-10-12T17:07:30.721Z"}
{"level":"info","message":"⌛ Building environment","timeElapsed":109,"timestamp":"2025-10-12T17:07:30.831Z"}
{"level":"info","message":"⌛ Building environment","timeElapsed":152,"timestamp":"2025-10-12T17:07:31.069Z"}
{"level":"info","message":"⌛ Validating cultivos.wlk","timeElapsed":159,"timestamp":"2025-10-12T17:07:31.229Z"}
{"level":"info","message":"⌛ Validating cultivos.wlk","timeElapsed":133,"timestamp":"2025-10-12T17:07:31.362Z"}
{"level":"info","message":"⌛ Validating cultivos.wlk","timeElapsed":179,"timestamp":"2025-10-12T17:07:31.552Z"}
{"level":"info","message":"⌛ Building environment","timeElapsed":121,"timestamp":"2025-10-12T17:07:31.673Z"}
{"level":"info","message":"⌛ Building environment","timeElapsed":309,"timestamp":"2025-10-12T17:07:32.054Z"}
{"level":"info","message":"⌛ Validating cultivos.wlk","timeElapsed":224,"timestamp":"2025-10-12T17:07:32.280Z"}
{"level":"info","message":"⌛ Building environment","timeElapsed":292,"timestamp":"2025-10-12T17:07:32.573Z"}
{"level":"info","message":"⌛ Building environment","timeElapsed":106,"timestamp":"2025-10-12T17:07:32.689Z"}
{"level":"info","message":"⌛ Validating cultivos.wlk","timeElapsed":133,"timestamp":"2025-10-12T17:07:32.862Z"}
{"level":"info","message":"⌛ Validating cultivos.wlk","timeElapsed":152,"timestamp":"2025-10-12T17:07:33.023Z"}
{"level":"info","message":"⌛ Validating cultivos.wlk","timeElapsed":162,"timestamp":"2025-10-12T17:07:33.191Z"}
{"level":"info","message":"⌛ Building environment","timeElapsed":124,"timestamp":"2025-10-12T17:07:33.321Z"}
{"level":"info","message":"⌛ Building environment","timeElapsed":166,"timestamp":"2025-10-12T17:07:33.488Z"}
{"level":"info","message":"⌛ Validating cultivos.wlk","timeElapsed":168,"timestamp":"2025-10-12T17:07:33.699Z"}
{"level":"info","message":"⌛ Validating cultivos.wlk","timeElapsed":141,"timestamp":"2025-10-12T17:07:33.848Z"}
{"level":"info","message":"⌛ Building environment","timeElapsed":106,"timestamp":"2025-10-12T17:07:36.738Z"}
{"level":"info","message":"⌛ Validating cultivos.wlk","timeElapsed":148,"timestamp":"2025-10-12T17:07:36.897Z"}
{"level":"info","message":"⌛ Building environment","timeElapsed":130,"timestamp":"2025-10-12T17:07:37.028Z"}
{"level":"info","message":"⌛ Validating cultivos.wlk","timeElapsed":126,"timestamp":"2025-10-12T17:07:37.206Z"}
{"exitCode":"SIGHUP","level":"info","message":"👾 Game executed game.farmville on c:\\Users\\matyf\\Desktop\\2025c2s2-granja-villa-FloresReaFrankMatias","timeElapsed":217180,"timestamp":"2025-10-12T17:07:41.408Z"}
{"level":"info","message":"🚀 Program executed \u001b[3m\u001b[34mgame.farmville\u001b[39m\u001b[23m on \u001b[3m\u001b[34mc:\\Users\\matyf\\Desktop\\2025c2s2-granja-villa-FloresReaFrankMatias\u001b[39m\u001b[23m","ok":true,"timeElapsed":754,"timestamp":"2025-10-12T17:07:44.834Z"}
{"level":"info","message":"⌛ Building environment","timeElapsed":140,"timestamp":"2025-10-12T17:08:27.272Z"}
{"level":"info","message":"⌛ Validating cultivos.wlk","timeElapsed":194,"timestamp":"2025-10-12T17:08:27.475Z"}
{"level":"info","message":"⌛ Building environment","timeElapsed":122,"timestamp":"2025-10-12T17:08:29.532Z"}
{"level":"info","message":"⌛ Validating cultivos.wlk","timeElapsed":166,"timestamp":"2025-10-12T17:08:29.709Z"}
{"exitCode":"SIGHUP","level":"info","message":"👾 Game executed game.farmville on c:\\Users\\matyf\\Desktop\\2025c2s2-granja-villa-FloresReaFrankMatias","timeElapsed":50282,"timestamp":"2025-10-12T17:08:34.362Z"}
{"level":"info","message":"🚀 Program executed \u001b[3m\u001b[34mgame.farmville\u001b[39m\u001b[23m on \u001b[3m\u001b[34mc:\\Users\\matyf\\Desktop\\2025c2s2-granja-villa-FloresReaFrankMatias\u001b[39m\u001b[23m","ok":true,"timeElapsed":651,"timestamp":"2025-10-12T17:08:37.397Z"}
{"level":"info","message":"⌛ Building environment","timeElapsed":130,"timestamp":"2025-10-12T17:11:16.886Z"}
{"level":"info","message":"⌛ Validating cultivos.wlk","timeElapsed":165,"timestamp":"2025-10-12T17:11:17.052Z"}
{"level":"info","message":"⌛ Building environment","timeElapsed":137,"timestamp":"2025-10-12T17:11:52.949Z"}
{"level":"info","message":"⌛ Validating cultivos.wlk","timeElapsed":168,"timestamp":"2025-10-12T17:11:53.119Z"}
{"level":"info","message":"⌛ Building environment","timeElapsed":151,"timestamp":"2025-10-12T17:12:38.624Z"}
{"level":"info","message":"⌛ Validating cultivos.wlk","timeElapsed":199,"timestamp":"2025-10-12T17:12:38.825Z"}
{"level":"info","message":"⌛ Building environment","timeElapsed":145,"timestamp":"2025-10-12T17:14:00.312Z"}
{"level":"info","message":"⌛ Validating cultivos.wlk","timeElapsed":324,"timestamp":"2025-10-12T17:14:00.655Z"}
{"level":"info","message":"⌛ Building environment","timeElapsed":137,"timestamp":"2025-10-12T17:15:52.495Z"}
{"level":"info","message":"⌛ Validating cultivos.wlk","timeElapsed":153,"timestamp":"2025-10-12T17:15:52.649Z"}
{"level":"info","message":"⌛ Validating cultivos.wlk","timeElapsed":125,"timestamp":"2025-10-12T17:16:06.941Z"}
{"level":"error","message":"✘ Failed to rebuild document Failed to parse cultivos.wlk: \n-- PARSING FAILED --------------------------------------------------\n\n  136 | \t  game.removeVisual(self)\n  137 | \t}\n> 138 | }\n      | ^\n  139 | \n  140 | \n\nExpected one of the following: \n\n'@', 'class', 'const', 'describe', 'mixin', 'object', 'only', 'package', 'program', 'test', 'var', '{', EOF, comment, not \"}\r\n\r\n\r\n\", whitespace\n","stack":"Error: Failed to parse cultivos.wlk: \n-- PARSING FAILED --------------------------------------------------\n\n  136 | \t  game.removeVisual(self)\n  137 | \t}\n> 138 | }\n      | ^\n  139 | \n  140 | \n\nExpected one of the following: \n\n'@', 'class', 'const', 'describe', 'mixin', 'object', 'only', 'package', 'program', 'test', 'var', '{', EOF, comment, not \"}\r\n\r\n\r\n\", whitespace\n\n    at c:\\Users\\matyf\\.vscode\\extensions\\uqbar.wollok-lsp-ide-0.5.3\\out\\server\\src\\server.js:2348:13026\n    at Array.map (<anonymous>)\n    at W1n (c:\\Users\\matyf\\.vscode\\extensions\\uqbar.wollok-lsp-ide-0.5.3\\out\\server\\src\\server.js:2348:12950)\n    at U2.buildEnvironmentFrom (c:\\Users\\matyf\\.vscode\\extensions\\uqbar.wollok-lsp-ide-0.5.3\\out\\server\\src\\server.js:2393:5254)\n    at U2.updateEnvironmentWith (c:\\Users\\matyf\\.vscode\\extensions\\uqbar.wollok-lsp-ide-0.5.3\\out\\server\\src\\server.js:2393:4989)\n    at JF (c:\\Users\\matyf\\.vscode\\extensions\\uqbar.wollok-lsp-ide-0.5.3\\out\\server\\src\\server.js:2393:7383)\n    at F3.invoke (c:\\Users\\matyf\\.vscode\\extensions\\uqbar.wollok-lsp-ide-0.5.3\\out\\server\\src\\server.js:3:157334)\n    at o.fire (c:\\Users\\matyf\\.vscode\\extensions\\uqbar.wollok-lsp-ide-0.5.3\\out\\server\\src\\server.js:3:158104)\n    at c:\\Users\\matyf\\.vscode\\extensions\\uqbar.wollok-lsp-ide-0.5.3\\out\\server\\src\\server.js:37:57871\n    at Zr (c:\\Users\\matyf\\.vscode\\extensions\\uqbar.wollok-lsp-ide-0.5.3\\out\\server\\src\\server.js:8:1561)","timestamp":"2025-10-12T17:16:14.346Z"}
{"level":"error","message":"✘ Failed to rebuild document Failed to parse cultivos.wlk: \n-- PARSING FAILED --------------------------------------------------\n\n  136 | \t  game.removeVisual(self)\n  137 | \t}\n> 138 | }\n      | ^\n  139 | \n  140 | \n\nExpected one of the following: \n\n'@', 'class', 'const', 'describe', 'mixin', 'object', 'only', 'package', 'program', 'test', 'var', '{', EOF, comment, not \"}\r\n\r\n\r\n\", whitespace\n","stack":"Error: Failed to parse cultivos.wlk: \n-- PARSING FAILED --------------------------------------------------\n\n  136 | \t  game.removeVisual(self)\n  137 | \t}\n> 138 | }\n      | ^\n  139 | \n  140 | \n\nExpected one of the following: \n\n'@', 'class', 'const', 'describe', 'mixin', 'object', 'only', 'package', 'program', 'test', 'var', '{', EOF, comment, not \"}\r\n\r\n\r\n\", whitespace\n\n    at c:\\Users\\matyf\\.vscode\\extensions\\uqbar.wollok-lsp-ide-0.5.3\\out\\server\\src\\server.js:2348:13026\n    at Array.map (<anonymous>)\n    at W1n (c:\\Users\\matyf\\.vscode\\extensions\\uqbar.wollok-lsp-ide-0.5.3\\out\\server\\src\\server.js:2348:12950)\n    at U2.buildEnvironmentFrom (c:\\Users\\matyf\\.vscode\\extensions\\uqbar.wollok-lsp-ide-0.5.3\\out\\server\\src\\server.js:2393:5254)\n    at U2.updateEnvironmentWith (c:\\Users\\matyf\\.vscode\\extensions\\uqbar.wollok-lsp-ide-0.5.3\\out\\server\\src\\server.js:2393:4989)\n    at JF (c:\\Users\\matyf\\.vscode\\extensions\\uqbar.wollok-lsp-ide-0.5.3\\out\\server\\src\\server.js:2393:7383)\n    at F3.invoke (c:\\Users\\matyf\\.vscode\\extensions\\uqbar.wollok-lsp-ide-0.5.3\\out\\server\\src\\server.js:3:157334)\n    at o.fire (c:\\Users\\matyf\\.vscode\\extensions\\uqbar.wollok-lsp-ide-0.5.3\\out\\server\\src\\server.js:3:158104)\n    at c:\\Users\\matyf\\.vscode\\extensions\\uqbar.wollok-lsp-ide-0.5.3\\out\\server\\src\\server.js:37:57871\n    at Zr (c:\\Users\\matyf\\.vscode\\extensions\\uqbar.wollok-lsp-ide-0.5.3\\out\\server\\src\\server.js:8:1561)","timestamp":"2025-10-12T17:16:16.047Z"}
{"level":"error","message":"✘ Failed to rebuild document Failed to parse cultivos.wlk: \n-- PARSING FAILED --------------------------------------------------\n\n  136 | \t  game.removeVisual(self)\n  137 | \t}\n> 138 | }\n      | ^\n  139 | \n  140 | \n\nExpected one of the following: \n\n'@', 'class', 'const', 'describe', 'mixin', 'object', 'only', 'package', 'program', 'test', 'var', '{', EOF, comment, not \"}\r\n\r\n\r\n\", whitespace\n","stack":"Error: Failed to parse cultivos.wlk: \n-- PARSING FAILED --------------------------------------------------\n\n  136 | \t  game.removeVisual(self)\n  137 | \t}\n> 138 | }\n      | ^\n  139 | \n  140 | \n\nExpected one of the following: \n\n'@', 'class', 'const', 'describe', 'mixin', 'object', 'only', 'package', 'program', 'test', 'var', '{', EOF, comment, not \"}\r\n\r\n\r\n\", whitespace\n\n    at c:\\Users\\matyf\\.vscode\\extensions\\uqbar.wollok-lsp-ide-0.5.3\\out\\server\\src\\server.js:2348:13026\n    at Array.map (<anonymous>)\n    at W1n (c:\\Users\\matyf\\.vscode\\extensions\\uqbar.wollok-lsp-ide-0.5.3\\out\\server\\src\\server.js:2348:12950)\n    at U2.buildEnvironmentFrom (c:\\Users\\matyf\\.vscode\\extensions\\uqbar.wollok-lsp-ide-0.5.3\\out\\server\\src\\server.js:2393:5254)\n    at U2.updateEnvironmentWith (c:\\Users\\matyf\\.vscode\\extensions\\uqbar.wollok-lsp-ide-0.5.3\\out\\server\\src\\server.js:2393:4989)\n    at JF (c:\\Users\\matyf\\.vscode\\extensions\\uqbar.wollok-lsp-ide-0.5.3\\out\\server\\src\\server.js:2393:7383)\n    at F3.invoke (c:\\Users\\matyf\\.vscode\\extensions\\uqbar.wollok-lsp-ide-0.5.3\\out\\server\\src\\server.js:3:157334)\n    at o.fire (c:\\Users\\matyf\\.vscode\\extensions\\uqbar.wollok-lsp-ide-0.5.3\\out\\server\\src\\server.js:3:158104)\n    at c:\\Users\\matyf\\.vscode\\extensions\\uqbar.wollok-lsp-ide-0.5.3\\out\\server\\src\\server.js:37:57871\n    at Zr (c:\\Users\\matyf\\.vscode\\extensions\\uqbar.wollok-lsp-ide-0.5.3\\out\\server\\src\\server.js:8:1561)","timestamp":"2025-10-12T17:16:16.318Z"}
{"level":"error","message":"✘ Failed to rebuild document Failed to parse cultivos.wlk: \n-- PARSING FAILED --------------------------------------------------\n\n  136 | \t  game.removeVisual(self)\n  137 | \t}\n> 138 | }\n      | ^\n  139 | \n  140 | \n\nExpected one of the following: \n\n'@', 'class', 'const', 'describe', 'mixin', 'object', 'only', 'package', 'program', 'test', 'var', '{', EOF, comment, not \"}\r\n\r\n\r\n\", whitespace\n","stack":"Error: Failed to parse cultivos.wlk: \n-- PARSING FAILED --------------------------------------------------\n\n  136 | \t  game.removeVisual(self)\n  137 | \t}\n> 138 | }\n      | ^\n  139 | \n  140 | \n\nExpected one of the following: \n\n'@', 'class', 'const', 'describe', 'mixin', 'object', 'only', 'package', 'program', 'test', 'var', '{', EOF, comment, not \"}\r\n\r\n\r\n\", whitespace\n\n    at c:\\Users\\matyf\\.vscode\\extensions\\uqbar.wollok-lsp-ide-0.5.3\\out\\server\\src\\server.js:2348:13026\n    at Array.map (<anonymous>)\n    at W1n (c:\\Users\\matyf\\.vscode\\extensions\\uqbar.wollok-lsp-ide-0.5.3\\out\\server\\src\\server.js:2348:12950)\n    at U2.buildEnvironmentFrom (c:\\Users\\matyf\\.vscode\\extensions\\uqbar.wollok-lsp-ide-0.5.3\\out\\server\\src\\server.js:2393:5254)\n    at U2.updateEnvironmentWith (c:\\Users\\matyf\\.vscode\\extensions\\uqbar.wollok-lsp-ide-0.5.3\\out\\server\\src\\server.js:2393:4989)\n    at JF (c:\\Users\\matyf\\.vscode\\extensions\\uqbar.wollok-lsp-ide-0.5.3\\out\\server\\src\\server.js:2393:7383)\n    at F3.invoke (c:\\Users\\matyf\\.vscode\\extensions\\uqbar.wollok-lsp-ide-0.5.3\\out\\server\\src\\server.js:3:157334)\n    at o.fire (c:\\Users\\matyf\\.vscode\\extensions\\uqbar.wollok-lsp-ide-0.5.3\\out\\server\\src\\server.js:3:158104)\n    at c:\\Users\\matyf\\.vscode\\extensions\\uqbar.wollok-lsp-ide-0.5.3\\out\\server\\src\\server.js:37:57871\n    at Zr (c:\\Users\\matyf\\.vscode\\extensions\\uqbar.wollok-lsp-ide-0.5.3\\out\\server\\src\\server.js:8:1561)","timestamp":"2025-10-12T17:16:16.736Z"}
{"level":"error","message":"✘ Failed to rebuild document Failed to parse cultivos.wlk: \n-- PARSING FAILED --------------------------------------------------\n\n  136 | \t  game.removeVisual(self)\n  137 | \t}\n> 138 | }\n      | ^\n  139 | \n  140 | \n\nExpected one of the following: \n\n'@', 'class', 'const', 'describe', 'mixin', 'object', 'only', 'package', 'program', 'test', 'var', '{', EOF, comment, not \"}\r\n\r\n\r\n\", whitespace\n","stack":"Error: Failed to parse cultivos.wlk: \n-- PARSING FAILED --------------------------------------------------\n\n  136 | \t  game.removeVisual(self)\n  137 | \t}\n> 138 | }\n      | ^\n  139 | \n  140 | \n\nExpected one of the following: \n\n'@', 'class', 'const', 'describe', 'mixin', 'object', 'only', 'package', 'program', 'test', 'var', '{', EOF, comment, not \"}\r\n\r\n\r\n\", whitespace\n\n    at c:\\Users\\matyf\\.vscode\\extensions\\uqbar.wollok-lsp-ide-0.5.3\\out\\server\\src\\server.js:2348:13026\n    at Array.map (<anonymous>)\n    at W1n (c:\\Users\\matyf\\.vscode\\extensions\\uqbar.wollok-lsp-ide-0.5.3\\out\\server\\src\\server.js:2348:12950)\n    at U2.buildEnvironmentFrom (c:\\Users\\matyf\\.vscode\\extensions\\uqbar.wollok-lsp-ide-0.5.3\\out\\server\\src\\server.js:2393:5254)\n    at U2.updateEnvironmentWith (c:\\Users\\matyf\\.vscode\\extensions\\uqbar.wollok-lsp-ide-0.5.3\\out\\server\\src\\server.js:2393:4989)\n    at JF (c:\\Users\\matyf\\.vscode\\extensions\\uqbar.wollok-lsp-ide-0.5.3\\out\\server\\src\\server.js:2393:7383)\n    at F3.invoke (c:\\Users\\matyf\\.vscode\\extensions\\uqbar.wollok-lsp-ide-0.5.3\\out\\server\\src\\server.js:3:157334)\n    at o.fire (c:\\Users\\matyf\\.vscode\\extensions\\uqbar.wollok-lsp-ide-0.5.3\\out\\server\\src\\server.js:3:158104)\n    at c:\\Users\\matyf\\.vscode\\extensions\\uqbar.wollok-lsp-ide-0.5.3\\out\\server\\src\\server.js:37:57871\n    at Zr (c:\\Users\\matyf\\.vscode\\extensions\\uqbar.wollok-lsp-ide-0.5.3\\out\\server\\src\\server.js:8:1561)","timestamp":"2025-10-12T17:16:16.885Z"}
{"level":"error","message":"✘ Failed to rebuild document Failed to parse cultivos.wlk: \n-- PARSING FAILED --------------------------------------------------\n\n  136 | \t  game.removeVisual(self)\n  137 | \t}\n> 138 | }\n      | ^\n  139 | \n  140 | \n\nExpected one of the following: \n\n'@', 'class', 'const', 'describe', 'mixin', 'object', 'only', 'package', 'program', 'test', 'var', '{', EOF, comment, not \"}\r\n\r\n\r\n\", whitespace\n","stack":"Error: Failed to parse cultivos.wlk: \n-- PARSING FAILED --------------------------------------------------\n\n  136 | \t  game.removeVisual(self)\n  137 | \t}\n> 138 | }\n      | ^\n  139 | \n  140 | \n\nExpected one of the following: \n\n'@', 'class', 'const', 'describe', 'mixin', 'object', 'only', 'package', 'program', 'test', 'var', '{', EOF, comment, not \"}\r\n\r\n\r\n\", whitespace\n\n    at c:\\Users\\matyf\\.vscode\\extensions\\uqbar.wollok-lsp-ide-0.5.3\\out\\server\\src\\server.js:2348:13026\n    at Array.map (<anonymous>)\n    at W1n (c:\\Users\\matyf\\.vscode\\extensions\\uqbar.wollok-lsp-ide-0.5.3\\out\\server\\src\\server.js:2348:12950)\n    at U2.buildEnvironmentFrom (c:\\Users\\matyf\\.vscode\\extensions\\uqbar.wollok-lsp-ide-0.5.3\\out\\server\\src\\server.js:2393:5254)\n    at U2.updateEnvironmentWith (c:\\Users\\matyf\\.vscode\\extensions\\uqbar.wollok-lsp-ide-0.5.3\\out\\server\\src\\server.js:2393:4989)\n    at JF (c:\\Users\\matyf\\.vscode\\extensions\\uqbar.wollok-lsp-ide-0.5.3\\out\\server\\src\\server.js:2393:7383)\n    at F3.invoke (c:\\Users\\matyf\\.vscode\\extensions\\uqbar.wollok-lsp-ide-0.5.3\\out\\server\\src\\server.js:3:157334)\n    at o.fire (c:\\Users\\matyf\\.vscode\\extensions\\uqbar.wollok-lsp-ide-0.5.3\\out\\server\\src\\server.js:3:158104)\n    at c:\\Users\\matyf\\.vscode\\extensions\\uqbar.wollok-lsp-ide-0.5.3\\out\\server\\src\\server.js:37:57871\n    at Zr (c:\\Users\\matyf\\.vscode\\extensions\\uqbar.wollok-lsp-ide-0.5.3\\out\\server\\src\\server.js:8:1561)","timestamp":"2025-10-12T17:16:18.169Z"}
{"level":"error","message":"✘ Failed to rebuild document Failed to parse cultivos.wlk: \n-- PARSING FAILED --------------------------------------------------\n\n  136 | \t  game.removeVisual(self)\n  137 | \t}\n> 138 | }\n      | ^\n  139 | \n  140 | \n\nExpected one of the following: \n\n'@', 'class', 'const', 'describe', 'mixin', 'object', 'only', 'package', 'program', 'test', 'var', '{', EOF, comment, not \"}\r\n\r\n\r\n\", whitespace\n","stack":"Error: Failed to parse cultivos.wlk: \n-- PARSING FAILED --------------------------------------------------\n\n  136 | \t  game.removeVisual(self)\n  137 | \t}\n> 138 | }\n      | ^\n  139 | \n  140 | \n\nExpected one of the following: \n\n'@', 'class', 'const', 'describe', 'mixin', 'object', 'only', 'package', 'program', 'test', 'var', '{', EOF, comment, not \"}\r\n\r\n\r\n\", whitespace\n\n    at c:\\Users\\matyf\\.vscode\\extensions\\uqbar.wollok-lsp-ide-0.5.3\\out\\server\\src\\server.js:2348:13026\n    at Array.map (<anonymous>)\n    at W1n (c:\\Users\\matyf\\.vscode\\extensions\\uqbar.wollok-lsp-ide-0.5.3\\out\\server\\src\\server.js:2348:12950)\n    at U2.buildEnvironmentFrom (c:\\Users\\matyf\\.vscode\\extensions\\uqbar.wollok-lsp-ide-0.5.3\\out\\server\\src\\server.js:2393:5254)\n    at U2.updateEnvironmentWith (c:\\Users\\matyf\\.vscode\\extensions\\uqbar.wollok-lsp-ide-0.5.3\\out\\server\\src\\server.js:2393:4989)\n    at JF (c:\\Users\\matyf\\.vscode\\extensions\\uqbar.wollok-lsp-ide-0.5.3\\out\\server\\src\\server.js:2393:7383)\n    at F3.invoke (c:\\Users\\matyf\\.vscode\\extensions\\uqbar.wollok-lsp-ide-0.5.3\\out\\server\\src\\server.js:3:157334)\n    at o.fire (c:\\Users\\matyf\\.vscode\\extensions\\uqbar.wollok-lsp-ide-0.5.3\\out\\server\\src\\server.js:3:158104)\n    at c:\\Users\\matyf\\.vscode\\extensions\\uqbar.wollok-lsp-ide-0.5.3\\out\\server\\src\\server.js:37:57871\n    at Zr (c:\\Users\\matyf\\.vscode\\extensions\\uqbar.wollok-lsp-ide-0.5.3\\out\\server\\src\\server.js:8:1561)","timestamp":"2025-10-12T17:16:20.595Z"}
{"level":"error","message":"✘ Failed to rebuild document Failed to parse cultivos.wlk: \n-- PARSING FAILED --------------------------------------------------\n\n  136 | \t  game.removeVisual(self)\n  137 | \t}\n> 138 | }\n      | ^\n  139 | \n  140 | \n\nExpected one of the following: \n\n'@', 'class', 'const', 'describe', 'mixin', 'object', 'only', 'package', 'program', 'test', 'var', '{', EOF, comment, not \"}\r\n\r\n\r\n\", whitespace\n","stack":"Error: Failed to parse cultivos.wlk: \n-- PARSING FAILED --------------------------------------------------\n\n  136 | \t  game.removeVisual(self)\n  137 | \t}\n> 138 | }\n      | ^\n  139 | \n  140 | \n\nExpected one of the following: \n\n'@', 'class', 'const', 'describe', 'mixin', 'object', 'only', 'package', 'program', 'test', 'var', '{', EOF, comment, not \"}\r\n\r\n\r\n\", whitespace\n\n    at c:\\Users\\matyf\\.vscode\\extensions\\uqbar.wollok-lsp-ide-0.5.3\\out\\server\\src\\server.js:2348:13026\n    at Array.map (<anonymous>)\n    at W1n (c:\\Users\\matyf\\.vscode\\extensions\\uqbar.wollok-lsp-ide-0.5.3\\out\\server\\src\\server.js:2348:12950)\n    at U2.buildEnvironmentFrom (c:\\Users\\matyf\\.vscode\\extensions\\uqbar.wollok-lsp-ide-0.5.3\\out\\server\\src\\server.js:2393:5254)\n    at U2.updateEnvironmentWith (c:\\Users\\matyf\\.vscode\\extensions\\uqbar.wollok-lsp-ide-0.5.3\\out\\server\\src\\server.js:2393:4989)\n    at JF (c:\\Users\\matyf\\.vscode\\extensions\\uqbar.wollok-lsp-ide-0.5.3\\out\\server\\src\\server.js:2393:7383)\n    at F3.invoke (c:\\Users\\matyf\\.vscode\\extensions\\uqbar.wollok-lsp-ide-0.5.3\\out\\server\\src\\server.js:3:157334)\n    at o.fire (c:\\Users\\matyf\\.vscode\\extensions\\uqbar.wollok-lsp-ide-0.5.3\\out\\server\\src\\server.js:3:158104)\n    at c:\\Users\\matyf\\.vscode\\extensions\\uqbar.wollok-lsp-ide-0.5.3\\out\\server\\src\\server.js:37:57871\n    at Zr (c:\\Users\\matyf\\.vscode\\extensions\\uqbar.wollok-lsp-ide-0.5.3\\out\\server\\src\\server.js:8:1561)","timestamp":"2025-10-12T17:16:20.746Z"}
{"level":"error","message":"✘ Failed to rebuild document Failed to parse cultivos.wlk: \n-- PARSING FAILED --------------------------------------------------\n\n  136 | \t  game.removeVisual(self)\n  137 | \t}\n> 138 | }\n      | ^\n  139 | \n  140 | \n\nExpected one of the following: \n\n'@', 'class', 'const', 'describe', 'mixin', 'object', 'only', 'package', 'program', 'test', 'var', '{', EOF, comment, not \"}\r\n\r\n\r\n\", whitespace\n","stack":"Error: Failed to parse cultivos.wlk: \n-- PARSING FAILED --------------------------------------------------\n\n  136 | \t  game.removeVisual(self)\n  137 | \t}\n> 138 | }\n      | ^\n  139 | \n  140 | \n\nExpected one of the following: \n\n'@', 'class', 'const', 'describe', 'mixin', 'object', 'only', 'package', 'program', 'test', 'var', '{', EOF, comment, not \"}\r\n\r\n\r\n\", whitespace\n\n    at c:\\Users\\matyf\\.vscode\\extensions\\uqbar.wollok-lsp-ide-0.5.3\\out\\server\\src\\server.js:2348:13026\n    at Array.map (<anonymous>)\n    at W1n (c:\\Users\\matyf\\.vscode\\extensions\\uqbar.wollok-lsp-ide-0.5.3\\out\\server\\src\\server.js:2348:12950)\n    at U2.buildEnvironmentFrom (c:\\Users\\matyf\\.vscode\\extensions\\uqbar.wollok-lsp-ide-0.5.3\\out\\server\\src\\server.js:2393:5254)\n    at U2.updateEnvironmentWith (c:\\Users\\matyf\\.vscode\\extensions\\uqbar.wollok-lsp-ide-0.5.3\\out\\server\\src\\server.js:2393:4989)\n    at JF (c:\\Users\\matyf\\.vscode\\extensions\\uqbar.wollok-lsp-ide-0.5.3\\out\\server\\src\\server.js:2393:7383)\n    at F3.invoke (c:\\Users\\matyf\\.vscode\\extensions\\uqbar.wollok-lsp-ide-0.5.3\\out\\server\\src\\server.js:3:157334)\n    at o.fire (c:\\Users\\matyf\\.vscode\\extensions\\uqbar.wollok-lsp-ide-0.5.3\\out\\server\\src\\server.js:3:158104)\n    at c:\\Users\\matyf\\.vscode\\extensions\\uqbar.wollok-lsp-ide-0.5.3\\out\\server\\src\\server.js:37:57871\n    at Zr (c:\\Users\\matyf\\.vscode\\extensions\\uqbar.wollok-lsp-ide-0.5.3\\out\\server\\src\\server.js:8:1561)","timestamp":"2025-10-12T17:16:20.978Z"}
{"level":"error","message":"✘ Failed to rebuild document Failed to parse cultivos.wlk: \n-- PARSING FAILED --------------------------------------------------\n\n  136 | \t  game.removeVisual(self)\n  137 | \t}\n> 138 | }\n      | ^\n  139 | \n  140 | \n\nExpected one of the following: \n\n'@', 'class', 'const', 'describe', 'mixin', 'object', 'only', 'package', 'program', 'test', 'var', '{', EOF, comment, not \"}\r\n\r\n\r\n\", whitespace\n","stack":"Error: Failed to parse cultivos.wlk: \n-- PARSING FAILED --------------------------------------------------\n\n  136 | \t  game.removeVisual(self)\n  137 | \t}\n> 138 | }\n      | ^\n  139 | \n  140 | \n\nExpected one of the following: \n\n'@', 'class', 'const', 'describe', 'mixin', 'object', 'only', 'package', 'program', 'test', 'var', '{', EOF, comment, not \"}\r\n\r\n\r\n\", whitespace\n\n    at c:\\Users\\matyf\\.vscode\\extensions\\uqbar.wollok-lsp-ide-0.5.3\\out\\server\\src\\server.js:2348:13026\n    at Array.map (<anonymous>)\n    at W1n (c:\\Users\\matyf\\.vscode\\extensions\\uqbar.wollok-lsp-ide-0.5.3\\out\\server\\src\\server.js:2348:12950)\n    at U2.buildEnvironmentFrom (c:\\Users\\matyf\\.vscode\\extensions\\uqbar.wollok-lsp-ide-0.5.3\\out\\server\\src\\server.js:2393:5254)\n    at U2.updateEnvironmentWith (c:\\Users\\matyf\\.vscode\\extensions\\uqbar.wollok-lsp-ide-0.5.3\\out\\server\\src\\server.js:2393:4989)\n    at JF (c:\\Users\\matyf\\.vscode\\extensions\\uqbar.wollok-lsp-ide-0.5.3\\out\\server\\src\\server.js:2393:7383)\n    at F3.invoke (c:\\Users\\matyf\\.vscode\\extensions\\uqbar.wollok-lsp-ide-0.5.3\\out\\server\\src\\server.js:3:157334)\n    at o.fire (c:\\Users\\matyf\\.vscode\\extensions\\uqbar.wollok-lsp-ide-0.5.3\\out\\server\\src\\server.js:3:158104)\n    at c:\\Users\\matyf\\.vscode\\extensions\\uqbar.wollok-lsp-ide-0.5.3\\out\\server\\src\\server.js:37:57871\n    at Zr (c:\\Users\\matyf\\.vscode\\extensions\\uqbar.wollok-lsp-ide-0.5.3\\out\\server\\src\\server.js:8:1561)","timestamp":"2025-10-12T17:16:21.232Z"}
{"level":"info","message":"⌛ Building environment","timeElapsed":104,"timestamp":"2025-10-12T17:16:21.554Z"}
{"level":"info","message":"⌛ Building environment","timeElapsed":107,"timestamp":"2025-10-12T17:16:21.835Z"}
{"level":"info","message":"⌛ Validating cultivos.wlk","timeElapsed":113,"timestamp":"2025-10-12T17:16:21.949Z"}
{"level":"info","message":"⌛ Building environment","timeElapsed":117,"timestamp":"2025-10-12T17:16:22.320Z"}
{"level":"info","message":"⌛ Validating cultivos.wlk","timeElapsed":122,"timestamp":"2025-10-12T17:16:22.444Z"}
{"level":"info","message":"⌛ Building environment","timeElapsed":116,"timestamp":"2025-10-12T17:16:48.781Z"}
{"level":"info","message":"⌛ Validating cultivos.wlk","timeElapsed":126,"timestamp":"2025-10-12T17:16:48.908Z"}
{"exitCode":"SIGHUP","level":"info","message":"👾 Game executed game.farmville on c:\\Users\\matyf\\Desktop\\2025c2s2-granja-villa-FloresReaFrankMatias","timeElapsed":500372,"timestamp":"2025-10-12T17:16:57.123Z"}
{"level":"info","message":"🚀 Program executed \u001b[3m\u001b[34mgame.farmville\u001b[39m\u001b[23m on \u001b[3m\u001b[34mc:\\Users\\matyf\\Desktop\\2025c2s2-granja-villa-FloresReaFrankMatias\u001b[39m\u001b[23m","ok":true,"timeElapsed":836,"timestamp":"2025-10-12T17:17:00.284Z"}
{"level":"info","message":"⌛ Building environment","timeElapsed":179,"timestamp":"2025-10-12T17:17:43.722Z"}
{"level":"info","message":"⌛ Validating cultivos.wlk","timeElapsed":194,"timestamp":"2025-10-12T17:17:43.917Z"}
{"exitCode":"SIGHUP","level":"info","message":"👾 Game executed game.farmville on c:\\Users\\matyf\\Desktop\\2025c2s2-granja-villa-FloresReaFrankMatias","timeElapsed":47808,"timestamp":"2025-10-12T17:17:47.255Z"}
{"level":"info","message":"🚀 Program executed \u001b[3m\u001b[34mgame.farmville\u001b[39m\u001b[23m on \u001b[3m\u001b[34mc:\\Users\\matyf\\Desktop\\2025c2s2-granja-villa-FloresReaFrankMatias\u001b[39m\u001b[23m","ok":true,"timeElapsed":602,"timestamp":"2025-10-12T17:17:50.155Z"}
{"level":"info","message":"⌛ Building environment","timeElapsed":149,"timestamp":"2025-10-12T17:20:53.959Z"}
{"level":"info","message":"⌛ Validating aspersor.wlk","timeElapsed":213,"timestamp":"2025-10-12T17:20:54.181Z"}
{"level":"info","message":"⌛ Building environment","timeElapsed":136,"timestamp":"2025-10-12T17:21:04.865Z"}
{"level":"info","message":"⌛ Validating personaje.wlk","timeElapsed":185,"timestamp":"2025-10-12T17:21:05.051Z"}
{"level":"info","message":"⌛ Building environment","timeElapsed":121,"timestamp":"2025-10-12T17:21:19.087Z"}
{"level":"info","message":"⌛ Validating aspersor.wlk","timeElapsed":137,"timestamp":"2025-10-12T17:21:19.226Z"}
{"level":"info","message":"⌛ Building environment","timeElapsed":237,"timestamp":"2025-10-12T17:21:20.460Z"}
{"level":"info","message":"⌛ Validating aspersor.wlk","timeElapsed":221,"timestamp":"2025-10-12T17:21:20.749Z"}
{"level":"info","message":"⌛ Building environment","timeElapsed":107,"timestamp":"2025-10-12T17:21:21.114Z"}
{"level":"info","message":"⌛ Validating aspersor.wlk","timeElapsed":161,"timestamp":"2025-10-12T17:21:21.338Z"}
{"level":"info","message":"⌛ Building environment","timeElapsed":204,"timestamp":"2025-10-12T17:21:21.544Z"}
{"level":"info","message":"⌛ Building environment","timeElapsed":122,"timestamp":"2025-10-12T17:21:21.668Z"}
{"level":"info","message":"⌛ Building environment","timeElapsed":119,"timestamp":"2025-10-12T17:21:21.788Z"}
{"level":"info","message":"⌛ Validating aspersor.wlk","timeElapsed":159,"timestamp":"2025-10-12T17:21:21.948Z"}
{"level":"info","message":"⌛ Building environment","timeElapsed":136,"timestamp":"2025-10-12T17:21:22.085Z"}
{"level":"info","message":"⌛ Validating aspersor.wlk","timeElapsed":168,"timestamp":"2025-10-12T17:21:22.254Z"}
{"level":"info","message":"⌛ Validating aspersor.wlk","timeElapsed":166,"timestamp":"2025-10-12T17:21:22.420Z"}
{"level":"info","message":"⌛ Validating aspersor.wlk","timeElapsed":184,"timestamp":"2025-10-12T17:21:22.614Z"}
{"level":"info","message":"⌛ Building environment","timeElapsed":180,"timestamp":"2025-10-12T17:21:22.808Z"}
{"level":"info","message":"⌛ Building environment","timeElapsed":105,"timestamp":"2025-10-12T17:21:22.914Z"}
{"level":"error","message":"✘ Completions for node Variable ([56:9, 56:16] - aspersor.wlk) failed: Error: p [Variable]{5b1ca3} at aspersor.wlk:56 exhausted all cases without a match p [Variable]{5b1ca3} at aspersor.wlk:56 exhausted all cases without a match","stack":"Error: p [Variable]{5b1ca3} at aspersor.wlk:56 exhausted all cases without a match\n    at c:\\Users\\matyf\\.vscode\\extensions\\uqbar.wollok-lsp-ide-0.5.3\\out\\server\\src\\server.js:38:6142\n    at D2 (c:\\Users\\matyf\\.vscode\\extensions\\uqbar.wollok-lsp-ide-0.5.3\\out\\server\\src\\server.js:2384:42)\n    at c:\\Users\\matyf\\.vscode\\extensions\\uqbar.wollok-lsp-ide-0.5.3\\out\\server\\src\\server.js:2384:2988\n    at c:\\Users\\matyf\\.vscode\\extensions\\uqbar.wollok-lsp-ide-0.5.3\\out\\server\\src\\server.js:2393:8440\n    at c:\\Users\\matyf\\.vscode\\extensions\\uqbar.wollok-lsp-ide-0.5.3\\out\\server\\src\\server.js:37:74872\n    at Ye (c:\\Users\\matyf\\.vscode\\extensions\\uqbar.wollok-lsp-ide-0.5.3\\out\\server\\src\\server.js:7:8527)\n    at qt (c:\\Users\\matyf\\.vscode\\extensions\\uqbar.wollok-lsp-ide-0.5.3\\out\\server\\src\\server.js:7:6189)\n    at ot (c:\\Users\\matyf\\.vscode\\extensions\\uqbar.wollok-lsp-ide-0.5.3\\out\\server\\src\\server.js:7:6378)\n    at Immediate._onImmediate (c:\\Users\\matyf\\.vscode\\extensions\\uqbar.wollok-lsp-ide-0.5.3\\out\\server\\src\\server.js:7:6142)\n    at process.processImmediate (node:internal/timers:485:21)","timestamp":"2025-10-12T17:21:22.972Z"}
{"level":"info","message":"⌛ Building environment","timeElapsed":121,"timestamp":"2025-10-12T17:21:23.112Z"}
{"level":"info","message":"⌛ Validating aspersor.wlk","timeElapsed":394,"timestamp":"2025-10-12T17:21:23.621Z"}
{"level":"info","message":"⌛ Building environment","timeElapsed":167,"timestamp":"2025-10-12T17:21:23.815Z"}
{"level":"info","message":"⌛ Validating aspersor.wlk","timeElapsed":152,"timestamp":"2025-10-12T17:21:23.971Z"}
{"level":"error","message":"✘ Completions for node Variable ([56:9, 56:20] - aspersor.wlk) failed: Error: posic [Variable]{2ead49} at aspersor.wlk:56 exhausted all cases without a match posic [Variable]{2ead49} at aspersor.wlk:56 exhausted all cases without a match","stack":"Error: posic [Variable]{2ead49} at aspersor.wlk:56 exhausted all cases without a match\n    at c:\\Users\\matyf\\.vscode\\extensions\\uqbar.wollok-lsp-ide-0.5.3\\out\\server\\src\\server.js:38:6142\n    at D2 (c:\\Users\\matyf\\.vscode\\extensions\\uqbar.wollok-lsp-ide-0.5.3\\out\\server\\src\\server.js:2384:42)\n    at c:\\Users\\matyf\\.vscode\\extensions\\uqbar.wollok-lsp-ide-0.5.3\\out\\server\\src\\server.js:2384:2988\n    at c:\\Users\\matyf\\.vscode\\extensions\\uqbar.wollok-lsp-ide-0.5.3\\out\\server\\src\\server.js:2393:8440\n    at c:\\Users\\matyf\\.vscode\\extensions\\uqbar.wollok-lsp-ide-0.5.3\\out\\server\\src\\server.js:37:74872\n    at Ye (c:\\Users\\matyf\\.vscode\\extensions\\uqbar.wollok-lsp-ide-0.5.3\\out\\server\\src\\server.js:7:8527)\n    at qt (c:\\Users\\matyf\\.vscode\\extensions\\uqbar.wollok-lsp-ide-0.5.3\\out\\server\\src\\server.js:7:6189)\n    at ot (c:\\Users\\matyf\\.vscode\\extensions\\uqbar.wollok-lsp-ide-0.5.3\\out\\server\\src\\server.js:7:6378)\n    at Immediate._onImmediate (c:\\Users\\matyf\\.vscode\\extensions\\uqbar.wollok-lsp-ide-0.5.3\\out\\server\\src\\server.js:7:6142)\n    at process.processImmediate (node:internal/timers:485:21)","timestamp":"2025-10-12T17:21:24.102Z"}
{"level":"info","message":"⌛ Building environment","timeElapsed":146,"timestamp":"2025-10-12T17:21:24.253Z"}
{"level":"info","message":"⌛ Validating aspersor.wlk","timeElapsed":170,"timestamp":"2025-10-12T17:21:24.423Z"}
{"level":"info","message":"⌛ Validating aspersor.wlk","timeElapsed":185,"timestamp":"2025-10-12T17:21:24.611Z"}
{"level":"info","message":"⌛ Building environment","timeElapsed":102,"timestamp":"2025-10-12T17:21:24.718Z"}
{"level":"info","message":"⌛ Building environment","timeElapsed":111,"timestamp":"2025-10-12T17:21:24.839Z"}
{"level":"info","message":"⌛ Building environment","timeElapsed":103,"timestamp":"2025-10-12T17:21:24.959Z"}
{"level":"info","message":"⌛ Validating aspersor.wlk","timeElapsed":158,"timestamp":"2025-10-12T17:21:25.237Z"}
{"level":"info","message":"⌛ Validating aspersor.wlk","timeElapsed":143,"timestamp":"2025-10-12T17:21:25.463Z"}
{"level":"info","message":"⌛ Building environment","timeElapsed":126,"timestamp":"2025-10-12T17:21:25.589Z"}
{"level":"error","message":"✘ Completions for node Variable ([56:9, 56:26] - aspersor.wlk) failed: Error: posicionesA [Variable]{b38140} at aspersor.wlk:56 exhausted all cases without a match posicionesA [Variable]{b38140} at aspersor.wlk:56 exhausted all cases without a match","stack":"Error: posicionesA [Variable]{b38140} at aspersor.wlk:56 exhausted all cases without a match\n    at c:\\Users\\matyf\\.vscode\\extensions\\uqbar.wollok-lsp-ide-0.5.3\\out\\server\\src\\server.js:38:6142\n    at D2 (c:\\Users\\matyf\\.vscode\\extensions\\uqbar.wollok-lsp-ide-0.5.3\\out\\server\\src\\server.js:2384:42)\n    at c:\\Users\\matyf\\.vscode\\extensions\\uqbar.wollok-lsp-ide-0.5.3\\out\\server\\src\\server.js:2384:2988\n    at c:\\Users\\matyf\\.vscode\\extensions\\uqbar.wollok-lsp-ide-0.5.3\\out\\server\\src\\server.js:2393:8440\n    at c:\\Users\\matyf\\.vscode\\extensions\\uqbar.wollok-lsp-ide-0.5.3\\out\\server\\src\\server.js:37:74872\n    at Ye (c:\\Users\\matyf\\.vscode\\extensions\\uqbar.wollok-lsp-ide-0.5.3\\out\\server\\src\\server.js:7:8527)\n    at qt (c:\\Users\\matyf\\.vscode\\extensions\\uqbar.wollok-lsp-ide-0.5.3\\out\\server\\src\\server.js:7:6189)\n    at ot (c:\\Users\\matyf\\.vscode\\extensions\\uqbar.wollok-lsp-ide-0.5.3\\out\\server\\src\\server.js:7:6378)\n    at Immediate._onImmediate (c:\\Users\\matyf\\.vscode\\extensions\\uqbar.wollok-lsp-ide-0.5.3\\out\\server\\src\\server.js:7:6142)\n    at process.processImmediate (node:internal/timers:485:21)","timestamp":"2025-10-12T17:21:25.663Z"}
{"level":"info","message":"⌛ Validating aspersor.wlk","timeElapsed":125,"timestamp":"2025-10-12T17:21:25.801Z"}
{"level":"info","message":"⌛ Validating aspersor.wlk","timeElapsed":128,"timestamp":"2025-10-12T17:21:25.937Z"}
{"level":"info","message":"⌛ Validating aspersor.wlk","timeElapsed":155,"timestamp":"2025-10-12T17:21:26.178Z"}
{"level":"info","message":"⌛ Validating aspersor.wlk","timeElapsed":163,"timestamp":"2025-10-12T17:21:26.440Z"}
{"level":"info","message":"⌛ Validating aspersor.wlk","timeElapsed":133,"timestamp":"2025-10-12T17:21:26.663Z"}
{"level":"info","message":"⌛ Building environment","timeElapsed":127,"timestamp":"2025-10-12T17:21:26.796Z"}
{"level":"info","message":"⌛ Building environment","timeElapsed":122,"timestamp":"2025-10-12T17:21:26.952Z"}
{"level":"info","message":"⌛ Validating aspersor.wlk","timeElapsed":224,"timestamp":"2025-10-12T17:21:27.206Z"}
{"level":"info","message":"⌛ Validating aspersor.wlk","timeElapsed":187,"timestamp":"2025-10-12T17:21:27.394Z"}
{"level":"info","message":"⌛ Validating aspersor.wlk","timeElapsed":139,"timestamp":"2025-10-12T17:21:27.534Z"}
{"level":"info","message":"⌛ Building environment","timeElapsed":125,"timestamp":"2025-10-12T17:21:27.660Z"}
{"level":"info","message":"⌛ Validating aspersor.wlk","timeElapsed":126,"timestamp":"2025-10-12T17:21:27.787Z"}
{"level":"info","message":"⌛ Validating aspersor.wlk","timeElapsed":127,"timestamp":"2025-10-12T17:21:28.009Z"}
{"level":"info","message":"⌛ Validating aspersor.wlk","timeElapsed":145,"timestamp":"2025-10-12T17:21:28.155Z"}
{"level":"info","message":"⌛ Validating aspersor.wlk","timeElapsed":121,"timestamp":"2025-10-12T17:21:28.396Z"}
{"level":"info","message":"⌛ Validating aspersor.wlk","timeElapsed":124,"timestamp":"2025-10-12T17:21:28.519Z"}
{"level":"info","message":"⌛ Validating aspersor.wlk","timeElapsed":120,"timestamp":"2025-10-12T17:21:28.643Z"}
{"level":"info","message":"⌛ Building environment","timeElapsed":181,"timestamp":"2025-10-12T17:21:29.359Z"}
{"level":"info","message":"⌛ Validating aspersor.wlk","timeElapsed":213,"timestamp":"2025-10-12T17:21:29.573Z"}
{"level":"info","message":"⌛ Building environment","timeElapsed":106,"timestamp":"2025-10-12T17:21:37.284Z"}
{"level":"info","message":"⌛ Validating aspersor.wlk","timeElapsed":133,"timestamp":"2025-10-12T17:21:37.425Z"}
{"level":"info","message":"⌛ Validating aspersor.wlk","timeElapsed":221,"timestamp":"2025-10-12T17:21:40.342Z"}
{"level":"info","message":"⌛ Building environment","timeElapsed":104,"timestamp":"2025-10-12T17:21:40.534Z"}
{"level":"info","message":"⌛ Validating aspersor.wlk","timeElapsed":120,"timestamp":"2025-10-12T17:21:40.655Z"}
{"level":"info","message":"⌛ Validating aspersor.wlk","timeElapsed":150,"timestamp":"2025-10-12T17:21:40.810Z"}
{"level":"info","message":"⌛ Building environment","timeElapsed":110,"timestamp":"2025-10-12T17:21:42.609Z"}
{"level":"info","message":"⌛ Validating aspersor.wlk","timeElapsed":119,"timestamp":"2025-10-12T17:21:42.729Z"}
{"level":"info","message":"⌛ Building environment","timeElapsed":116,"timestamp":"2025-10-12T17:21:43.969Z"}
{"level":"info","message":"⌛ Validating aspersor.wlk","timeElapsed":139,"timestamp":"2025-10-12T17:21:44.110Z"}
{"level":"info","message":"⌛ Building environment","timeElapsed":115,"timestamp":"2025-10-12T17:21:47.237Z"}
{"level":"info","message":"⌛ Validating aspersor.wlk","timeElapsed":173,"timestamp":"2025-10-12T17:21:47.411Z"}
{"level":"info","message":"⌛ Building environment","timeElapsed":184,"timestamp":"2025-10-12T17:21:47.601Z"}
{"level":"info","message":"⌛ Validating aspersor.wlk","timeElapsed":127,"timestamp":"2025-10-12T17:21:47.744Z"}
{"level":"info","message":"⌛ Building environment","timeElapsed":171,"timestamp":"2025-10-12T17:21:48.441Z"}
{"level":"info","message":"⌛ Validating aspersor.wlk","timeElapsed":187,"timestamp":"2025-10-12T17:21:48.723Z"}
{"level":"info","message":"⌛ Validating aspersor.wlk","timeElapsed":132,"timestamp":"2025-10-12T17:21:48.856Z"}
{"level":"info","message":"⌛ Building environment","timeElapsed":112,"timestamp":"2025-10-12T17:21:49.431Z"}
{"level":"info","message":"⌛ Validating aspersor.wlk","timeElapsed":163,"timestamp":"2025-10-12T17:21:49.603Z"}
{"level":"info","message":"⌛ Building environment","timeElapsed":118,"timestamp":"2025-10-12T17:21:49.722Z"}
{"level":"info","message":"⌛ Validating aspersor.wlk","timeElapsed":163,"timestamp":"2025-10-12T17:21:49.885Z"}
{"level":"info","message":"⌛ Validating aspersor.wlk","timeElapsed":142,"timestamp":"2025-10-12T17:21:50.858Z"}
{"level":"info","message":"⌛ Building environment","timeElapsed":112,"timestamp":"2025-10-12T17:21:50.971Z"}
{"level":"info","message":"⌛ Validating aspersor.wlk","timeElapsed":131,"timestamp":"2025-10-12T17:21:51.103Z"}
{"exitCode":"SIGHUP","level":"info","message":"👾 Game executed game.farmville on c:\\Users\\matyf\\Desktop\\2025c2s2-granja-villa-FloresReaFrankMatias","timeElapsed":256256,"timestamp":"2025-10-12T17:22:05.815Z"}
{"level":"info","message":"🚀 Program executed \u001b[3m\u001b[34mgame.farmville\u001b[39m\u001b[23m on \u001b[3m\u001b[34mc:\\Users\\matyf\\Desktop\\2025c2s2-granja-villa-FloresReaFrankMatias\u001b[39m\u001b[23m","ok":true,"timeElapsed":719,"timestamp":"2025-10-12T17:22:08.628Z"}
